<?xml version="1.0" encoding="UTF-8"?>
<testng-results skipped="0" failed="1" ignored="0" total="11" passed="10">
  <reporter-output>
  </reporter-output>
  <suite name="Regression" duration-ms="21338" started-at="2018-04-04T21:00:14Z" finished-at="2018-04-04T21:00:35Z">
    <groups>
    </groups>
    <test name="Test" duration-ms="21338" started-at="2018-04-04T21:00:14Z" finished-at="2018-04-04T21:00:35Z">
      <class name="com.alg.test.executionengine.Executor">
        <test-method status="PASS" signature="setUp()[pri:0, instance:com.alg.test.executionengine.Executor@2ef9b8bc]" name="setUp" is-config="true" duration-ms="254" started-at="2018-04-04T17:00:14Z" finished-at="2018-04-04T17:00:14Z">
          <reporter-output>
          </reporter-output>
        </test-method> <!-- setUp -->
        <test-method status="PASS" signature="beforeClass()[pri:0, instance:com.alg.test.executionengine.Executor@2ef9b8bc]" name="beforeClass" is-config="true" duration-ms="712" started-at="2018-04-04T17:00:14Z" finished-at="2018-04-04T17:00:14Z">
          <reporter-output>
          </reporter-output>
        </test-method> <!-- beforeClass -->
        <test-method status="PASS" signature="testCase(java.lang.String)[pri:0, instance:com.alg.test.executionengine.Executor@2ef9b8bc]" name="testCase" duration-ms="10" started-at="2018-04-04T17:00:15Z" data-provider="TestCases" finished-at="2018-04-04T17:00:15Z">
          <params>
            <param index="0">
              <value>
                <![CDATA[1]]>
              </value>
            </param>
          </params>
          <reporter-output>
          </reporter-output>
        </test-method> <!-- testCase -->
        <test-method status="PASS" signature="testCase(java.lang.String)[pri:0, instance:com.alg.test.executionengine.Executor@2ef9b8bc]" name="testCase" duration-ms="1" started-at="2018-04-04T17:00:15Z" data-provider="TestCases" finished-at="2018-04-04T17:00:15Z">
          <params>
            <param index="0">
              <value>
                <![CDATA[2]]>
              </value>
            </param>
          </params>
          <reporter-output>
          </reporter-output>
        </test-method> <!-- testCase -->
        <test-method status="PASS" signature="testCase(java.lang.String)[pri:0, instance:com.alg.test.executionengine.Executor@2ef9b8bc]" name="testCase" duration-ms="0" started-at="2018-04-04T17:00:15Z" data-provider="TestCases" finished-at="2018-04-04T17:00:15Z">
          <params>
            <param index="0">
              <value>
                <![CDATA[3]]>
              </value>
            </param>
          </params>
          <reporter-output>
          </reporter-output>
        </test-method> <!-- testCase -->
        <test-method status="PASS" signature="testCase(java.lang.String)[pri:0, instance:com.alg.test.executionengine.Executor@2ef9b8bc]" name="testCase" duration-ms="1" started-at="2018-04-04T17:00:15Z" data-provider="TestCases" finished-at="2018-04-04T17:00:15Z">
          <params>
            <param index="0">
              <value>
                <![CDATA[4]]>
              </value>
            </param>
          </params>
          <reporter-output>
          </reporter-output>
        </test-method> <!-- testCase -->
        <test-method status="PASS" signature="testCase(java.lang.String)[pri:0, instance:com.alg.test.executionengine.Executor@2ef9b8bc]" name="testCase" duration-ms="1" started-at="2018-04-04T17:00:15Z" data-provider="TestCases" finished-at="2018-04-04T17:00:15Z">
          <params>
            <param index="0">
              <value>
                <![CDATA[5]]>
              </value>
            </param>
          </params>
          <reporter-output>
          </reporter-output>
        </test-method> <!-- testCase -->
        <test-method status="PASS" signature="testCase(java.lang.String)[pri:0, instance:com.alg.test.executionengine.Executor@2ef9b8bc]" name="testCase" duration-ms="2" started-at="2018-04-04T17:00:15Z" data-provider="TestCases" finished-at="2018-04-04T17:00:15Z">
          <params>
            <param index="0">
              <value>
                <![CDATA[6]]>
              </value>
            </param>
          </params>
          <reporter-output>
          </reporter-output>
        </test-method> <!-- testCase -->
        <test-method status="PASS" signature="testCase(java.lang.String)[pri:0, instance:com.alg.test.executionengine.Executor@2ef9b8bc]" name="testCase" duration-ms="1" started-at="2018-04-04T17:00:15Z" data-provider="TestCases" finished-at="2018-04-04T17:00:15Z">
          <params>
            <param index="0">
              <value>
                <![CDATA[7]]>
              </value>
            </param>
          </params>
          <reporter-output>
          </reporter-output>
        </test-method> <!-- testCase -->
        <test-method status="PASS" signature="testCase(java.lang.String)[pri:0, instance:com.alg.test.executionengine.Executor@2ef9b8bc]" name="testCase" duration-ms="2" started-at="2018-04-04T17:00:15Z" data-provider="TestCases" finished-at="2018-04-04T17:00:15Z">
          <params>
            <param index="0">
              <value>
                <![CDATA[8]]>
              </value>
            </param>
          </params>
          <reporter-output>
          </reporter-output>
        </test-method> <!-- testCase -->
        <test-method status="PASS" signature="testCase(java.lang.String)[pri:0, instance:com.alg.test.executionengine.Executor@2ef9b8bc]" name="testCase" duration-ms="1" started-at="2018-04-04T17:00:15Z" data-provider="TestCases" finished-at="2018-04-04T17:00:15Z">
          <params>
            <param index="0">
              <value>
                <![CDATA[9]]>
              </value>
            </param>
          </params>
          <reporter-output>
          </reporter-output>
        </test-method> <!-- testCase -->
        <test-method status="PASS" signature="testCase(java.lang.String)[pri:0, instance:com.alg.test.executionengine.Executor@2ef9b8bc]" name="testCase" duration-ms="1" started-at="2018-04-04T17:00:15Z" data-provider="TestCases" finished-at="2018-04-04T17:00:15Z">
          <params>
            <param index="0">
              <value>
                <![CDATA[10]]>
              </value>
            </param>
          </params>
          <reporter-output>
          </reporter-output>
        </test-method> <!-- testCase -->
        <test-method status="FAIL" signature="testCase(java.lang.String)[pri:0, instance:com.alg.test.executionengine.Executor@2ef9b8bc]" name="testCase" duration-ms="20332" started-at="2018-04-04T17:00:15Z" data-provider="TestCases" finished-at="2018-04-04T17:00:35Z">
          <params>
            <param index="0">
              <value>
                <![CDATA[11]]>
              </value>
            </param>
          </params>
          <exception class="java.lang.AssertionError">
            <full-stacktrace>
              <![CDATA[java.lang.AssertionError
	at com.alg.test.executionengine.Executor.testCase(Executor.java:174)
	at sun.reflect.NativeMethodAccessorImpl.invoke0(Native Method)
	at sun.reflect.NativeMethodAccessorImpl.invoke(NativeMethodAccessorImpl.java:62)
	at sun.reflect.DelegatingMethodAccessorImpl.invoke(DelegatingMethodAccessorImpl.java:43)
	at java.lang.reflect.Method.invoke(Method.java:498)
	at org.testng.internal.MethodInvocationHelper.invokeMethod(MethodInvocationHelper.java:108)
	at org.testng.internal.Invoker.invokeMethod(Invoker.java:661)
	at org.testng.internal.Invoker.invokeTestMethod(Invoker.java:869)
	at org.testng.internal.TestMethodWithDataProviderMethodWorker.call(TestMethodWithDataProviderMethodWorker.java:75)
	at org.testng.internal.TestMethodWithDataProviderMethodWorker.call(TestMethodWithDataProviderMethodWorker.java:14)
	at java.util.concurrent.FutureTask.run(FutureTask.java:266)
	at java.util.concurrent.Executors$RunnableAdapter.call(Executors.java:511)
	at java.util.concurrent.FutureTask.run(FutureTask.java:266)
	at java.util.concurrent.ThreadPoolExecutor.runWorker(ThreadPoolExecutor.java:1149)
	at java.util.concurrent.ThreadPoolExecutor$Worker.run(ThreadPoolExecutor.java:624)
	at java.lang.Thread.run(Thread.java:748)
]]>
            </full-stacktrace>
          </exception> <!-- java.lang.AssertionError -->
          <reporter-output>
          </reporter-output>
        </test-method> <!-- testCase -->
        <test-method status="PASS" signature="afterClass()[pri:0, instance:com.alg.test.executionengine.Executor@2ef9b8bc]" name="afterClass" is-config="true" duration-ms="224" started-at="2018-04-04T17:00:35Z" finished-at="2018-04-04T17:00:35Z">
          <reporter-output>
          </reporter-output>
        </test-method> <!-- afterClass -->
        <test-method status="PASS" signature="tearDown()[pri:0, instance:com.alg.test.executionengine.Executor@2ef9b8bc]" name="tearDown" is-config="true" duration-ms="0" started-at="2018-04-04T17:00:35Z" finished-at="2018-04-04T17:00:35Z">
          <reporter-output>
          </reporter-output>
        </test-method> <!-- tearDown -->
      </class> <!-- com.alg.test.executionengine.Executor -->
    </test> <!-- Test -->
  </suite> <!-- Regression -->
</testng-results>
