-------------------------------------------------------------------------------
Test set: TestSuite
-------------------------------------------------------------------------------
Tests run: 11, Failures: 1, Errors: 0, Skipped: 0, Time elapsed: 22.291 s <<< FAILURE! - in TestSuite
testCase(com.alg.test.executionengine.Executor)  Time elapsed: 20.339 s  <<< FAILURE!
java.lang.AssertionError
	at com.alg.test.executionengine.Executor.testCase(Executor.java:174)

